<?xml version="1.0" encoding="UTF-8"?>
<!-- Generated by org.testng.reporters.JUnitReportReporter -->
<testsuite skipped="0" hostname="Frats-MacBook-Air.local" name="Assignment.sample" tests="1" failures="0" timestamp="23 Dec 2020 10:40:16 GMT" time="0.041" errors="0">
  <testcase name="responsetime" time="0.041" classname="Assignment.sample"/>
</testsuite> <!-- Assignment.sample -->
