<?xml version="1.0" encoding="UTF-8"?>
<!-- Generated by org.testng.reporters.JUnitReportReporter -->
<testsuite skipped="0" hostname="Frats-MacBook-Air.local" name="Assignment.Response" tests="1" failures="0" timestamp="23 Dec 2020 12:07:51 GMT" time="48.132" errors="0">
  <testcase name="ResponseTime" time="48.132" classname="Assignment.Response"/>
</testsuite> <!-- Assignment.Response -->
