<?xml version="1.0" encoding="UTF-8"?>
<!-- Generated by org.testng.reporters.JUnitReportReporter -->
<testsuite skipped="0" hostname="Frats-MacBook-Air.local" name="Assignment.ButikLinks" tests="1" failures="0" timestamp="20 Dec 2020 11:06:44 GMT" time="27.077" errors="0">
  <testcase name="setUp" time="27.077" classname="Assignment.ButikLinks"/>
</testsuite> <!-- Assignment.ButikLinks -->
