<?xml version="1.0" encoding="UTF-8"?>
<!-- Generated by org.testng.reporters.JUnitReportReporter -->
<testsuite skipped="0" hostname="Frats-MacBook-Air.local" name="Assignment.StatusCodes" tests="1" failures="0" timestamp="20 Dec 2020 09:07:59 GMT" time="3.986" errors="0">
  <testcase name="Responses" time="3.986" classname="Assignment.StatusCodes"/>
</testsuite> <!-- Assignment.StatusCodes -->
