<?xml version="1.0" encoding="UTF-8"?>
<!-- Generated by org.testng.reporters.JUnitReportReporter -->
<testsuite skipped="0" hostname="Frats-MacBook-Air.local" name="Assignment.LoginFunction" tests="14" failures="0" timestamp="22 Dec 2020 07:59:19 GMT" time="101.511" errors="0">
  <testcase name="RoadtoLogin" time="2.403" classname="Assignment.LoginFunction"/>
  <testcase name="Login" time="9.472" classname="Assignment.LoginFunction"/>
  <testcase name="RoadtoLogin2" time="1.234" classname="Assignment.LoginFunction"/>
  <testcase name="RoadtoLogin2" time="3.647" classname="Assignment.LoginFunction"/>
  <testcase name="Login" time="9.532" classname="Assignment.LoginFunction"/>
  <testcase name="Login" time="9.592" classname="Assignment.LoginFunction"/>
  <testcase name="RoadtoLogin" time="2.914" classname="Assignment.LoginFunction"/>
  <testcase name="Login" time="9.588" classname="Assignment.LoginFunction"/>
  <testcase name="Login" time="4.631" classname="Assignment.LoginFunction"/>
  <testcase name="Login" time="12.310" classname="Assignment.LoginFunction"/>
  <testcase name="Login" time="9.447" classname="Assignment.LoginFunction"/>
  <testcase name="Login" time="7.470" classname="Assignment.LoginFunction"/>
  <testcase name="Login" time="9.381" classname="Assignment.LoginFunction"/>
  <testcase name="Login" time="9.890" classname="Assignment.LoginFunction"/>
</testsuite> <!-- Assignment.LoginFunction -->
