<?xml version="1.0" encoding="UTF-8"?>
<!-- Generated by org.testng.reporters.JUnitReportReporter -->
<testsuite skipped="0" hostname="Frats-MacBook-Air.local" name="Assignment.TestCaseFirst" tests="12" failures="0" timestamp="19 Dec 2020 13:43:04 GMT" time="123.913" errors="0">
  <testcase name="RoadtoLogin" time="6.017" classname="Assignment.TestCaseFirst"/>
  <testcase name="RoadtoLogin" time="11.382" classname="Assignment.TestCaseFirst"/>
  <testcase name="Login" time="15.963" classname="Assignment.TestCaseFirst"/>
  <testcase name="Login" time="9.830" classname="Assignment.TestCaseFirst"/>
  <testcase name="Login" time="5.331" classname="Assignment.TestCaseFirst"/>
  <testcase name="Login" time="10.847" classname="Assignment.TestCaseFirst"/>
  <testcase name="Login" time="9.806" classname="Assignment.TestCaseFirst"/>
  <testcase name="Login" time="9.640" classname="Assignment.TestCaseFirst"/>
  <testcase name="Login" time="9.813" classname="Assignment.TestCaseFirst"/>
  <testcase name="Login" time="10.114" classname="Assignment.TestCaseFirst"/>
  <testcase name="Login" time="15.307" classname="Assignment.TestCaseFirst"/>
  <testcase name="Login" time="9.863" classname="Assignment.TestCaseFirst"/>
</testsuite> <!-- Assignment.TestCaseFirst -->
